[    0.000000] Linux version 4.15.0-212-generic (buildd@lcy02-amd64-083) (gcc version 7.5.0 (Ubuntu 7.5.0-3ubuntu1~18.04)) #223-Ubuntu SMP Tue May 23 13:09:22 UTC 2023 (Ubuntu 4.15.0-212.223-generic 4.15.18)
[    0.000000] Command line: BOOT_IMAGE=/boot/vmlinuz-4.15.0-212-generic root=LABEL=cloudimg-rootfs ro console=tty1 console=ttyS0
[    0.000000] KERNEL supported cpus:
[    0.000000]   Intel GenuineIntel
[    0.000000]   AMD AuthenticAMD
[    0.000000]   Centaur CentaurHauls
[    0.000000] x86/fpu: Supporting XSAVE feature 0x001: 'x87 floating point registers'
[    0.000000] x86/fpu: Supporting XSAVE feature 0x002: 'SSE registers'
[    0.000000] x86/fpu: Supporting XSAVE feature 0x004: 'AVX registers'
[    0.000000] x86/fpu: xstate_offset[2]:  576, xstate_sizes[2]:  256
[    0.000000] x86/fpu: Enabled xstate features 0x7, context size is 832 bytes, using 'standard' format.
[    0.000000] e820: BIOS-provided physical RAM map:
[    0.000000] BIOS-e820: [mem 0x0000000000000000-0x000000000009fbff] usable
[    0.000000] BIOS-e820: [mem 0x000000000009fc00-0x000000000009ffff] reserved
[    0.000000] BIOS-e820: [mem 0x00000000000f0000-0x00000000000fffff] reserved
[    0.000000] BIOS-e820: [mem 0x0000000000100000-0x000000003ffeffff] usable
[    0.000000] BIOS-e820: [mem 0x000000003fff0000-0x000000003fffffff] ACPI data
[    0.000000] BIOS-e820: [mem 0x00000000fec00000-0x00000000fec00fff] reserved
[    0.000000] BIOS-e820: [mem 0x00000000fee00000-0x00000000fee00fff] reserved
[    0.000000] BIOS-e820: [mem 0x00000000fffc0000-0x00000000ffffffff] reserved
[    0.000000] NX (Execute Disable) protection: active
[    0.000000] SMBIOS 2.5 present.
[    0.000000] DMI: innotek GmbH VirtualBox/VirtualBox, BIOS VirtualBox 12/01/2006
[    0.000000] Hypervisor detected: KVM
[    0.000000] e820: last_pfn = 0x3fff0 max_arch_pfn = 0x400000000
[    0.000000] MTRR: Disabled
[    0.000000] x86/PAT: MTRRs disabled, skipping PAT initialization too.
[    0.000000] CPU MTRRs all blank - virtualized system.
[    0.000000] x86/PAT: Configuration [0-7]: WB  WT  UC- UC  WB  WT  UC- UC  
[    0.000000] found SMP MP-table at [mem 0x0009fff0-0x0009ffff]
[    0.000000] Scanning 1 areas for low memory corruption
[    0.000000] RAMDISK: [mem 0x359cb000-0x36cdcfff]
[    0.000000] ACPI: Early table checksum verification disabled
[    0.000000] ACPI: RSDP 0x00000000000E0000 000024 (v02 VBOX  )
[    0.000000] ACPI: XSDT 0x000000003FFF0030 00003C (v01 VBOX   VBOXXSDT 00000001 ASL  00000061)
[    0.000000] ACPI: FACP 0x000000003FFF00F0 0000F4 (v04 VBOX   VBOXFACP 00000001 ASL  00000061)
[    0.000000] ACPI: DSDT 0x000000003FFF0470 002325 (v02 VBOX   VBOXBIOS 00000002 INTL 20190509)
[    0.000000] ACPI: FACS 0x000000003FFF0200 000040
[    0.000000] ACPI: FACS 0x000000003FFF0200 000040
[    0.000000] ACPI: APIC 0x000000003FFF0240 00005C (v02 VBOX   VBOXAPIC 00000001 ASL  00000061)
[    0.000000] ACPI: SSDT 0x000000003FFF02A0 0001CC (v01 VBOX   VBOXCPUT 00000002 INTL 20190509)
[    0.000000] ACPI: Reserving FACP table memory at [mem 0x3fff00f0-0x3fff01e3]
[    0.000000] ACPI: Reserving DSDT table memory at [mem 0x3fff0470-0x3fff2794]
[    0.000000] ACPI: Reserving FACS table memory at [mem 0x3fff0200-0x3fff023f]
[    0.000000] ACPI: Reserving FACS table memory at [mem 0x3fff0200-0x3fff023f]
[    0.000000] ACPI: Reserving APIC table memory at [mem 0x3fff0240-0x3fff029b]
[    0.000000] ACPI: Reserving SSDT table memory at [mem 0x3fff02a0-0x3fff046b]
[    0.000000] No NUMA configuration found
[    0.000000] Faking a node at [mem 0x0000000000000000-0x000000003ffeffff]
[    0.000000] NODE_DATA(0) allocated [mem 0x3ffc5000-0x3ffeffff]
[    0.000000] kvm-clock: cpu 0, msr 0:3ff44001, primary cpu clock
[    0.000000] kvm-clock: Using msrs 4b564d01 and 4b564d00
[    0.000000] kvm-clock: using sched offset of 3689215653 cycles
[    0.000000] clocksource: kvm-clock: mask: 0xffffffffffffffff max_cycles: 0x1cd42e4dffb, max_idle_ns: 881590591483 ns
[    0.000000] Zone ranges:
[    0.000000]   DMA      [mem 0x0000000000001000-0x0000000000ffffff]
[    0.000000]   DMA32    [mem 0x0000000001000000-0x000000003ffeffff]
[    0.000000]   Normal   empty
[    0.000000]   Device   empty
[    0.000000] Movable zone start for each node
[    0.000000] Early memory node ranges
[    0.000000]   node   0: [mem 0x0000000000001000-0x000000000009efff]
[    0.000000]   node   0: [mem 0x0000000000100000-0x000000003ffeffff]
[    0.000000] Reserved but unavailable: 104 pages
[    0.000000] Initmem setup node 0 [mem 0x0000000000001000-0x000000003ffeffff]
[    0.000000] ACPI: PM-Timer IO Port: 0x4008
[    0.000000] IOAPIC[0]: apic_id 2, version 32, address 0xfec00000, GSI 0-23
[    0.000000] ACPI: INT_SRC_OVR (bus 0 bus_irq 0 global_irq 2 dfl dfl)
[    0.000000] ACPI: INT_SRC_OVR (bus 0 bus_irq 9 global_irq 9 low level)
[    0.000000] Using ACPI (MADT) for SMP configuration information
[    0.000000] smpboot: Allowing 2 CPUs, 0 hotplug CPUs
[    0.000000] PM: Registered nosave memory: [mem 0x00000000-0x00000fff]
[    0.000000] PM: Registered nosave memory: [mem 0x0009f000-0x0009ffff]
[    0.000000] PM: Registered nosave memory: [mem 0x000a0000-0x000effff]
[    0.000000] PM: Registered nosave memory: [mem 0x000f0000-0x000fffff]
[    0.000000] e820: [mem 0x40000000-0xfebfffff] available for PCI devices
[    0.000000] Booting paravirtualized kernel on KVM
[    0.000000] clocksource: refined-jiffies: mask: 0xffffffff max_cycles: 0xffffffff, max_idle_ns: 7645519600211568 ns
[    0.000000] setup_percpu: NR_CPUS:8192 nr_cpumask_bits:2 nr_cpu_ids:2 nr_node_ids:1
[    0.000000] percpu: Embedded 50 pages/cpu s167936 r8192 d28672 u1048576
[    0.000000] PV qspinlock hash table entries: 256 (order: 0, 4096 bytes)
[    0.000000] Built 1 zonelists, mobility grouping on.  Total pages: 257913
[    0.000000] Policy zone: DMA32
[    0.000000] Kernel command line: BOOT_IMAGE=/boot/vmlinuz-4.15.0-212-generic root=LABEL=cloudimg-rootfs ro console=tty1 console=ttyS0
[    0.000000] Memory: 982644K/1048120K available (12300K kernel code, 2477K rwdata, 4324K rodata, 2480K init, 2720K bss, 65476K reserved, 0K cma-reserved)
[    0.000000] SLUB: HWalign=64, Order=0-3, MinObjects=0, CPUs=2, Nodes=1
[    0.000000] Kernel/User page tables isolation: enabled
[    0.000000] ftrace: allocating 39508 entries in 155 pages
[    0.004000] Hierarchical RCU implementation.
[    0.004000] 	RCU restricting CPUs from NR_CPUS=8192 to nr_cpu_ids=2.
[    0.004000] 	Tasks RCU enabled.
[    0.004000] RCU: Adjusting geometry for rcu_fanout_leaf=16, nr_cpu_ids=2
[    0.004000] NR_IRQS: 524544, nr_irqs: 440, preallocated irqs: 16
[    0.004000] random: crng init done
[    0.004000] Console: colour VGA+ 80x25
[    0.004000] console [tty1] enabled
[    0.004000] console [ttyS0] enabled
[    0.004000] ACPI: Core revision 20170831
[    0.004000] ACPI: 2 ACPI AML tables successfully acquired and loaded
[    0.004000] APIC: Switch to symmetric I/O mode setup
[    0.004000] x2apic enabled
[    0.004000] Switched APIC routing to physical x2apic.
[    0.006209] ..TIMER: vector=0x30 apic1=0 pin1=2 apic2=-1 pin2=-1
[    0.008006] tsc: Detected 2712.002 MHz processor
[    0.009426] Calibrating delay loop (skipped) preset value.. 5424.00 BogoMIPS (lpj=10848008)
[    0.012003] pid_max: default: 32768 minimum: 301
[    0.013308] Security Framework initialized
[    0.016003] Yama: becoming mindful.
[    0.017164] AppArmor: AppArmor initialized
[    0.019242] Dentry cache hash table entries: 131072 (order: 8, 1048576 bytes)
[    0.020090] Inode-cache hash table entries: 65536 (order: 7, 524288 bytes)
[    0.024048] Mount-cache hash table entries: 2048 (order: 2, 16384 bytes)
[    0.028011] Mountpoint-cache hash table entries: 2048 (order: 2, 16384 bytes)
[    0.030356] Last level iTLB entries: 4KB 64, 2MB 8, 4MB 8
[    0.032005] Last level dTLB entries: 4KB 64, 2MB 0, 4MB 0, 1GB 4
[    0.033824] Spectre V1 : Mitigation: usercopy/swapgs barriers and __user pointer sanitization
[    0.036004] Spectre V2 : Mitigation: Retpolines
[    0.037444] Spectre V2 : Spectre v2 / SpectreRSB mitigation: Filling RSB on context switch
[    0.040004] Spectre V2 : Spectre v2 / SpectreRSB : Filling RSB on VMEXIT
[    0.041851] RETBleed: WARNING: Spectre v2 mitigation leaves CPU vulnerable to RETBleed attacks, data leaks possible!
[    0.044003] RETBleed: Vulnerable
[    0.045008] Speculative Store Bypass: Vulnerable
[    0.046445] MDS: Mitigation: Clear CPU buffers
[    0.048003] MMIO Stale Data: Mitigation: Clear CPU buffers
[    0.049535] SRBDS: Unknown: Dependent on hypervisor status
[    0.052231] Freeing SMP alternatives memory: 36K
[    0.165138] smpboot: CPU0: Intel(R) Core(TM) i5-7300U CPU @ 2.60GHz (family: 0x6, model: 0x8e, stepping: 0x9)
[    0.168000] Performance Events: unsupported p6 CPU model 142 no PMU driver, software events only.
[    0.168118] Hierarchical SRCU implementation.
[    0.172524] NMI watchdog: Perf event create on CPU 0 failed with -2
[    0.174320] NMI watchdog: Perf NMI watchdog permanently disabled
[    0.176062] smp: Bringing up secondary CPUs ...
[    0.177534] x86: Booting SMP configuration:
[    0.178772] .... node  #0, CPUs:      #1
[    0.004000] kvm-clock: cpu 1, msr 0:3ff44041, secondary cpu clock
[    0.183615] smp: Brought up 1 node, 2 CPUs
[    0.184011] smpboot: Max logical packages: 1
[    0.185476] smpboot: Total of 2 processors activated (10848.00 BogoMIPS)
[    0.188164] devtmpfs: initialized
[    0.188990] x86/mm: Memory block size: 128MB
[    0.190251] evm: security.selinux
[    0.191106] evm: security.SMACK64
[    0.192004] evm: security.SMACK64EXEC
[    0.192915] evm: security.SMACK64TRANSMUTE
[    0.193937] evm: security.SMACK64MMAP
[    0.195055] evm: security.apparmor
[    0.196007] evm: security.ima
[    0.197031] evm: security.capability
[    0.198200] clocksource: jiffies: mask: 0xffffffff max_cycles: 0xffffffff, max_idle_ns: 7645041785100000 ns
[    0.200034] futex hash table entries: 512 (order: 3, 32768 bytes)
[    0.204081] pinctrl core: initialized pinctrl subsystem
[    0.208115] RTC time: 19:32:59, date: 10/22/23
[    0.209697] NET: Registered protocol family 16
[    0.211179] audit: initializing netlink subsys (disabled)
[    0.212050] audit: type=2000 audit(1698003184.075:1): state=initialized audit_enabled=0 res=1
[    0.214383] cpuidle: using governor ladder
[    0.216027] cpuidle: using governor menu
[    0.217429] ACPI: bus type PCI registered
[    0.218860] acpiphp: ACPI Hot Plug PCI Controller Driver version: 0.5
[    0.220116] PCI: Using configuration type 1 for base access
[    0.224925] HugeTLB registered 2.00 MiB page size, pre-allocated 0 pages
[    0.226264] ACPI: Added _OSI(Module Device)
[    0.228003] ACPI: Added _OSI(Processor Device)
[    0.229462] ACPI: Added _OSI(3.0 _SCP Extensions)
[    0.232002] ACPI: Added _OSI(Processor Aggregator Device)
[    0.233720] ACPI: Added _OSI(Linux-Dell-Video)
[    0.235075] ACPI: Added _OSI(Linux-Lenovo-NV-HDMI-Audio)
[    0.236011] ACPI: Added _OSI(Linux-HPI-Hybrid-Graphics)
[    0.238072] ACPI: Executed 1 blocks of module-level executable AML code
[    0.245999] ACPI: Interpreter enabled
[    0.247213] ACPI: (supports S0 S5)
[    0.248003] ACPI: Using IOAPIC for interrupt routing
[    0.250310] PCI: Using host bridge windows from ACPI; if necessary, use "pci=nocrs" and report a bug
[    0.252214] ACPI: Enabled 2 GPEs in block 00 to 07
[    0.264091] ACPI: PCI Root Bridge [PCI0] (domain 0000 [bus 00-ff])
[    0.265948] acpi PNP0A03:00: _OSC: OS supports [ASPM ClockPM Segments MSI]
[    0.268317] acpi PNP0A03:00: _OSC: not requesting OS control; OS requires [ExtendedConfig ASPM ClockPM MSI]
[    0.272027] acpi PNP0A03:00: fail to add MMCONFIG information, can't access extended PCI configuration space under this bridge.
[    0.275757] PCI host bridge to bus 0000:00
[    0.276006] pci_bus 0000:00: root bus resource [io  0x0000-0x0cf7 window]
[    0.280004] pci_bus 0000:00: root bus resource [io  0x0d00-0xffff window]
[    0.282339] pci_bus 0000:00: root bus resource [mem 0x000a0000-0x000bffff window]
[    0.284005] pci_bus 0000:00: root bus resource [mem 0x40000000-0xfdffffff window]
[    0.286199] pci_bus 0000:00: root bus resource [bus 00-ff]
[    0.290395] pci 0000:00:01.1: legacy IDE quirk: reg 0x10: [io  0x01f0-0x01f7]
[    0.292007] pci 0000:00:01.1: legacy IDE quirk: reg 0x14: [io  0x03f6]
[    0.293695] pci 0000:00:01.1: legacy IDE quirk: reg 0x18: [io  0x0170-0x0177]
[    0.296009] pci 0000:00:01.1: legacy IDE quirk: reg 0x1c: [io  0x0376]
[    0.318251] pci 0000:00:07.0: quirk: [io  0x4000-0x403f] claimed by PIIX4 ACPI
[    0.320017] pci 0000:00:07.0: quirk: [io  0x4100-0x410f] claimed by PIIX4 SMB
[    0.329144] ACPI: PCI Interrupt Link [LNKA] (IRQs 5 9 10 *11)
[    0.331536] ACPI: PCI Interrupt Link [LNKB] (IRQs 5 9 *10 11)
[    0.332250] ACPI: PCI Interrupt Link [LNKC] (IRQs 5 *9 10 11)
[    0.333873] ACPI: PCI Interrupt Link [LNKD] (IRQs 5 9 10 *11)
[    0.336537] SCSI subsystem initialized
[    0.337697] pci 0000:00:02.0: vgaarb: setting as boot VGA device
[    0.337697] pci 0000:00:02.0: vgaarb: VGA device added: decodes=io+mem,owns=io+mem,locks=none
[    0.340016] pci 0000:00:02.0: vgaarb: bridge control possible
[    0.344007] vgaarb: loaded
[    0.345035] ACPI: bus type USB registered
[    0.346632] usbcore: registered new interface driver usbfs
[    0.348039] usbcore: registered new interface driver hub
[    0.352031] usbcore: registered new device driver usb
[    0.356102] EDAC MC: Ver: 3.0.0
[    0.357744] PCI: Using ACPI for IRQ routing
[    0.360373] NetLabel: Initializing
[    0.361319] NetLabel:  domain hash size = 128
[    0.362452] NetLabel:  protocols = UNLABELED CIPSOv4 CALIPSO
[    0.364027] NetLabel:  unlabeled traffic allowed by default
[    0.365812] clocksource: Switched to clocksource kvm-clock
[    0.380943] VFS: Disk quotas dquot_6.6.0
[    0.382267] VFS: Dquot-cache hash table entries: 512 (order 0, 4096 bytes)
[    0.384062] AppArmor: AppArmor Filesystem Enabled
[    0.385312] pnp: PnP ACPI init
[    0.387637] pnp: PnP ACPI: found 3 devices
[    0.398676] clocksource: acpi_pm: mask: 0xffffff max_cycles: 0xffffff, max_idle_ns: 2085701024 ns
[    0.400883] NET: Registered protocol family 2
[    0.402055] IP idents hash table entries: 16384 (order: 5, 131072 bytes)
[    0.404698] TCP established hash table entries: 8192 (order: 4, 65536 bytes)
[    0.406680] TCP bind hash table entries: 8192 (order: 5, 131072 bytes)
[    0.408510] TCP: Hash tables configured (established 8192 bind 8192)
[    0.410240] UDP hash table entries: 512 (order: 2, 16384 bytes)
[    0.411876] UDP-Lite hash table entries: 512 (order: 2, 16384 bytes)
[    0.414135] NET: Registered protocol family 1
[    0.415811] pci 0000:00:00.0: Limiting direct PCI/PCI transfers
[    0.417266] pci 0000:00:01.0: Activating ISA DMA hang workarounds
[    0.418745] pci 0000:00:02.0: Video device with shadowed ROM at [mem 0x000c0000-0x000dffff]
[    0.420791] Unpacking initramfs...
[    0.733168] Freeing initrd memory: 19528K
[    0.734710] clocksource: tsc: mask: 0xffffffffffffffff max_cycles: 0x2717880cafa, max_idle_ns: 440795252614 ns
[    0.737905] platform rtc_cmos: registered platform RTC device (no PNP device found)
[    0.740428] Scanning for low memory corruption every 60 seconds
[    0.743592] Initialise system trusted keyrings
[    0.745188] Key type blacklist registered
[    0.747121] workingset: timestamp_bits=36 max_order=18 bucket_order=0
[    0.750515] zbud: loaded
[    0.752122] squashfs: version 4.0 (2009/01/31) Phillip Lougher
[    0.753713] fuse init (API version 7.26)
[    0.756949] Key type asymmetric registered
[    0.758124] Asymmetric key parser 'x509' registered
[    0.759581] Block layer SCSI generic (bsg) driver version 0.4 loaded (major 246)
[    0.761656] io scheduler noop registered
[    0.763047] io scheduler deadline registered
[    0.767307] io scheduler cfq registered (default)
[    0.769332] ACPI: AC Adapter [AC] (off-line)
[    0.771077] input: Power Button as /devices/LNXSYSTM:00/LNXPWRBN:00/input/input0
[    0.773831] ACPI: Power Button [PWRF]
[    0.776905] input: Sleep Button as /devices/LNXSYSTM:00/LNXSLPBN:00/input/input1
[    0.779303] ACPI: Sleep Button [SLPF]
[    0.781859] ACPI: Battery Slot [BAT0] (battery present)
[    0.784397] Serial: 8250/16550 driver, 32 ports, IRQ sharing enabled
[    0.812753] 00:02: ttyS0 at I/O 0x3f8 (irq = 4, base_baud = 115200) is a 16550A
[    0.822339] Linux agpgart interface v0.103
[    0.828141] loop: module loaded
[    0.831055] scsi host0: ata_piix
[    0.832882] scsi host1: ata_piix
[    0.836003] ata1: PATA max UDMA/33 cmd 0x1f0 ctl 0x3f6 bmdma 0xd000 irq 14
[    0.837614] ata2: PATA max UDMA/33 cmd 0x170 ctl 0x376 bmdma 0xd008 irq 15
[    0.839799] tun: Universal TUN/TAP device driver, 1.6
[    0.844295] PPP generic driver version 2.4.2
[    0.849136] ehci_hcd: USB 2.0 'Enhanced' Host Controller (EHCI) Driver
[    0.850959] ehci-pci: EHCI PCI platform driver
[    0.852189] ehci-platform: EHCI generic platform driver
[    0.853899] ohci_hcd: USB 1.1 'Open' Host Controller (OHCI) Driver
[    0.855628] ohci-pci: OHCI PCI platform driver
[    0.857437] ohci-platform: OHCI generic platform driver
[    0.864308] uhci_hcd: USB Universal Host Controller Interface driver
[    0.870908] i8042: PNP: PS/2 Controller [PNP0303:PS2K,PNP0f03:PS2M] at 0x60,0x64 irq 1,12
[    0.876326] serio: i8042 KBD port at 0x60,0x64 irq 1
[    0.878963] serio: i8042 AUX port at 0x60,0x64 irq 12
[    0.881736] mousedev: PS/2 mouse device common for all mice
[    0.885847] rtc_cmos rtc_cmos: rtc core: registered rtc_cmos as rtc0
[    0.889670] rtc_cmos rtc_cmos: alarms up to one day, 114 bytes nvram
[    0.893666] input: AT Translated Set 2 keyboard as /devices/platform/i8042/serio0/input/input2
[    0.896283] i2c /dev entries driver
[    0.900974] device-mapper: uevent: version 1.0.3
[    0.902957] device-mapper: ioctl: 4.37.0-ioctl (2017-09-20) initialised: dm-devel@redhat.com
[    0.906246] ledtrig-cpu: registered to indicate activity on CPUs
[    0.909729] NET: Registered protocol family 10
[    0.917575] Segment Routing with IPv6
[    0.919622] NET: Registered protocol family 17
[    0.921219] Key type dns_resolver registered
[    0.922809] mce: Using 0 MCE banks
[    0.924305] RAS: Correctable Errors collector initialized.
[    0.928640] sched_clock: Marking stable (928568813, 0)->(1191620662, -263051849)
[    0.931845] registered taskstats version 1
[    0.933317] Loading compiled-in X.509 certificates
[    0.939625] Loaded X.509 cert 'Build time autogenerated kernel key: b5b26778eaa3ab3a4a6cee031137706e947d12ad'
[    0.943359] Loaded X.509 cert 'Canonical Ltd. Live Patch Signing: 14df34d1a87cf37625abec039ef2bf521249b969'
[    0.948447] Loaded X.509 cert 'Canonical Ltd. Kernel Module Signing: 88f752e560a1e0737e31163a466ad7b70a850c19'
[    0.951104] blacklist: Loading compiled-in revocation X.509 certificates
[    0.952914] Loaded X.509 cert 'Canonical Ltd. Secure Boot Signing: 61482aa2830d0ab2ad5af10b7250da9033ddcef0'
[    0.956420] Loaded X.509 cert 'Canonical Ltd. Secure Boot Signing (2017): 242ade75ac4a15e50d50c84b0d45ff3eae707a03'
[    0.959693] Loaded X.509 cert 'Canonical Ltd. Secure Boot Signing (ESM 2018): 365188c1d374d6b07c3c8f240f8ef722433d6a8b'
[    0.963293] Loaded X.509 cert 'Canonical Ltd. Secure Boot Signing (2019): c0746fd6c5da3ae827864651ad66ae47fe24b3e8'
[    0.966791] Loaded X.509 cert 'Canonical Ltd. Secure Boot Signing (2021 v1): a8d54bbb3825cfb94fa13c9f8a594a195c107b8d'
[    0.969878] Loaded X.509 cert 'Canonical Ltd. Secure Boot Signing (2021 v2): 4cf046892d6fd3c9a5b03f98d845f90851dc6a8c'
[    0.973054] Loaded X.509 cert 'Canonical Ltd. Secure Boot Signing (2021 v3): 100437bb6de6e469b581e61cd66bce3ef4ed53af'
[    0.976180] Loaded X.509 cert 'Canonical Ltd. Secure Boot Signing (Ubuntu Core 2019): c1d57b8f6b743f23ee41f4f7ee292f06eecadfb9'
[    0.979707] zswap: loaded using pool lzo/zbud
[    0.987329] Key type big_key registered
[    0.988707] Key type trusted registered
[    0.992449] Key type encrypted registered
[    0.993745] AppArmor: AppArmor sha1 policy hashing enabled
[    0.995447] ima: No TPM chip found, activating TPM-bypass! (rc=-19)
[    1.001306] ima: Allocated hash algorithm: sha1
[    1.002777] evm: HMAC attrs: 0x1
[    1.004111]   Magic number: 11:173:547
[    1.005319] tty ttyS23: hash matches
[    1.009655] rtc_cmos rtc_cmos: setting system clock to 2023-10-22 19:32:59 UTC (1698003179)
[    1.022440] BIOS EDD facility v0.16 2004-Jun-25, 0 devices found
[    1.025004] EDD information not available.
[    1.029647] Freeing unused kernel image memory: 2480K
[    1.056139] Write protecting the kernel read-only data: 20480k
[    1.058841] Freeing unused kernel image memory: 2008K
[    1.062119] Freeing unused kernel image memory: 1820K
[    1.075928] x86/mm: Checked W+X mappings: passed, no W+X pages found.
[    1.077599] x86/mm: Checking user space page tables
[    1.091622] x86/mm: Checked W+X mappings: passed, no W+X pages found.
Loading, please wait...
starting version 237
[    1.184030] e1000: Intel(R) PRO/1000 Network Driver - version 7.3.21-k8-NAPI
[    1.186532] e1000: Copyright (c) 1999-2006 Intel Corporation.
[    1.199425] Fusion MPT base driver 3.04.20
[    1.201032] Copyright (c) 1999-2008 LSI Corporation
[    1.228312] AVX2 version of gcm_enc/dec engaged.
[    1.231320] AES CTR mode by8 optimization enabled
[    1.243718] Fusion MPT SPI Host driver 3.04.20
[    1.418235] input: ImExPS/2 Generic Explorer Mouse as /devices/platform/i8042/serio1/input/input4
[    1.659799] e1000 0000:00:03.0 eth0: (PCI:33MHz:32-bit) 02:3b:7b:b7:3b:2d
[    1.662012] e1000 0000:00:03.0 eth0: Intel(R) PRO/1000 Network Connection
[    1.665269] mptbase: ioc0: Initiating bringup
[    1.666704] e1000 0000:00:03.0 enp0s3: renamed from eth0
[    1.764865] ioc0: LSI53C1030 A0: Capabilities={Initiator}
[    2.018431] scsi host2: ioc0: LSI53C1030 A0, FwRev=00000000h, Ports=1, MaxQ=256, IRQ=20
[    2.188976] scsi 2:0:0:0: Direct-Access     VBOX     HARDDISK         1.0  PQ: 0 ANSI: 5
[    2.228136] scsi target2:0:0: Beginning Domain Validation
[    2.235693] scsi target2:0:0: Domain Validation skipping write tests
[    2.238960] scsi target2:0:0: Ending Domain Validation
[    2.243037] scsi target2:0:0: asynchronous
[    2.246817] scsi 2:0:1:0: Direct-Access     VBOX     HARDDISK         1.0  PQ: 0 ANSI: 5
[    2.280150] scsi target2:0:1: Beginning Domain Validation
[    2.286170] scsi target2:0:1: Domain Validation skipping write tests
[    2.291083] scsi target2:0:1: Ending Domain Validation
[    2.294655] scsi target2:0:1: asynchronous
[    2.308883] sd 2:0:0:0: Attached scsi generic sg0 type 0
[    2.312135] sd 2:0:0:0: [sda] 83886080 512-byte logical blocks: (42.9 GB/40.0 GiB)
[    2.315441] sd 2:0:0:0: [sda] Write Protect is off
[    2.318543] sd 2:0:0:0: [sda] Incomplete mode parameter data
[    2.322861] sd 2:0:1:0: Attached scsi generic sg1 type 0
[    2.322981] sd 2:0:0:0: [sda] Assuming drive cache: write through
[    2.326443] sd 2:0:1:0: [sdb] 20480 512-byte logical blocks: (10.5 MB/10.0 MiB)
[    2.336112] sd 2:0:1:0: [sdb] Write Protect is off
[    2.339273] sd 2:0:1:0: [sdb] Incomplete mode parameter data
[    2.342044] sd 2:0:1:0: [sdb] Assuming drive cache: write through
[    2.346614]  sda: sda1
[    2.349593] sd 2:0:0:0: [sda] Attached SCSI disk
[    2.350559] sd 2:0:1:0: [sdb] Attached SCSI disk
Begin: Loading essential drivers ... [    4.212069] raid6: sse2x1   gen()  8214 MB/s
[    4.264069] raid6: sse2x1   xor()  5195 MB/s
[    4.316068] raid6: sse2x2   gen()  6763 MB/s
[    4.368142] raid6: sse2x2   xor()  4547 MB/s
[    4.416070] raid6: sse2x4   gen()  7658 MB/s
[    4.464053] raid6: sse2x4   xor()  5565 MB/s
[    4.512080] raid6: avx2x1   gen() 16673 MB/s
[    4.560069] raid6: avx2x1   xor() 11366 MB/s
[    4.608085] raid6: avx2x2   gen() 19119 MB/s
[    4.656055] raid6: avx2x2   xor() 13102 MB/s
[    4.704063] raid6: avx2x4   gen() 23094 MB/s
[    4.752095] raid6: avx2x4   xor() 14236 MB/s
[    4.753567] raid6: using algorithm avx2x4 gen() 23094 MB/s
[    4.755426] raid6: .... xor() 14236 MB/s, rmw enabled
[    4.757115] raid6: using avx2x2 recovery algorithm
[    4.762116] xor: automatically using best checksumming function   avx       
[    4.765895] async_tx: api initialized (async)
done.
Begin: Running /scripts/init-premount ... done.
Begin: Mounting root file system ... Begin: Running /scripts/local-top ... done.
Begin: Running /scripts/local-premount ... [    4.838444] Btrfs loaded, crc32c=crc32c-intel
Scanning for Btrfs filesystems
done.
Warning: fsck not present, so skipping root file system
[    4.890526] EXT4-fs (sda1): mounted filesystem with ordered data mode. Opts: (null)
done.
Begin: Running /scripts/local-bottom ... done.
Begin: Running /scripts/init-bottom ... done.
[    5.155325] ip_tables: (C) 2000-2006 Netfilter Core Team
[    5.171125] systemd[1]: systemd 237 running in system mode. (+PAM +AUDIT +SELINUX +IMA +APPARMOR +SMACK +SYSVINIT +UTMP +LIBCRYPTSETUP +GCRYPT +GNUTLS +ACL +XZ +LZ4 +SECCOMP +BLKID +ELFUTILS +KMOD -IDN2 +IDN -PCRE2 default-hierarchy=hybrid)
[    5.180216] systemd[1]: Detected virtualization oracle.
[    5.182095] systemd[1]: Detected architecture x86-64.

Welcome to [1mUbuntu 18.04.6 LTS[0m!

[    5.190523] systemd[1]: Set hostname to <ubuntu-bionic>.
[    5.602284] systemd[1]: Set up automount Arbitrary Executable File Formats File System Automount Point.
[[0;32m  OK  [0m] Set up automount Arbitrary Executab…rmats File System Automount Point.
[    5.607019] systemd[1]: Reached target Swap.
[[0;32m  OK  [0m] Reached target Swap.
[    5.611608] systemd[1]: Reached target System Time Synchronized.
[[0;32m  OK  [0m] Reached target System Time Synchronized.
[    5.617553] systemd[1]: Created slice User and Session Slice.
[[0;32m  OK  [0m] Created slice User and Session Slice.
[    5.621395] systemd[1]: Reached target Mounting snaps.
[[0;32m  OK  [0m] Reached target Mounting snaps.
[    5.623914] systemd[1]: Reached target Mounted snaps.
[[0;32m  OK  [0m] Reached target Mounted snaps.
[[0;32m  OK  [0m] Reached target User and Group Name Lookups.
[[0;32m  OK  [0m] Started Forward Password Requests to Wall Directory Watch.
[[0;32m  OK  [0m] Created slice System Slice.
[[0;32m  OK  [0m] Listening on Syslog Socket.
[[0;32m  OK  [0m] Created slice system-serial\x2dgetty.slice.
[[0;32m  OK  [0m] Reached target Slices.
[[0;32m  OK  [0m] Listening on udev Control Socket.
[[0;32m  OK  [0m] Listening on LVM2 metadata daemon socket.
[[0;32m  OK  [0m] Listening on udev Kernel Socket.
[[0;32m  OK  [0m] Listening on /dev/initctl Compatibility Named Pipe.
[[0;32m  OK  [0m] Listening on Journal Socket.
         Starting Load Kernel Modules...
         Mounting POSIX Message Queue File System...
         Starting Set the console keyboard layout...
         Mounting Huge Pages File System...
         Mounting Kernel Debug File System...
[[0;32m  OK  [0m] Listening on Device-mapper event daemon FIFOs.
         Starting Monitoring of LVM2 mirrors…ng dmeventd or progress polling...
[[0;32m  OK  [0m] Listening on LVM2 poll daemon socket.
         Starting udev Coldplug all Devices...
[[0;32m  OK  [0m] Listening on Journal Socket (/dev/log).
[[0;32m  OK  [0m] Listening on Network Service Netlink Socket.
[[0;32m  OK  [0m] Listening on Journal Audit Socket.
         Starting Journal Service...
         Starting Uncomplicated firewall...
[[0;32m  OK  [0m] Listening on fsck to fsckd communication Socket.
         Starting File System Check on Root Device...
         Starting Create list of required st…ce nodes for the current kernel...
[[0;32m  OK  [0m] Mounted POSIX Message Queue File System.
[[0;32m  OK  [0m] Mounted Huge Pages File System.
[[0;32m  OK  [0m] Mounted Kernel Debug File System.
[    5.716882] Loading iSCSI transport class v2.0-870.
[    5.729039] iscsi: registered transport (tcp)
[[0;32m  OK  [0m] Started Uncomplicated firewall.
[[0;32m  OK  [0m] Started Create list of required sta…vice nodes for the current kernel.
         Starting Create Static Device Nodes in /dev...
[[0;32m  OK  [0m] Started File System Check Daemon to report status.
[[0;32m  OK  [0m] Started udev Coldplug all Devices.
[[0;32m  OK  [0m] Started LVM2 metadata daemon.
[    5.839683] iscsi: registered transport (iser)
[[0;32m  OK  [0m] Started Load Kernel Modules.
         Starting Apply Kernel Variables...
         Mounting FUSE Control File System...
         Mounting Kernel Configuration File System...
[[0;32m  OK  [0m] Started Journal Service.
[[0;32m  OK  [0m] Mounted FUSE Control File System.
[[0;32m  OK  [0m] Mounted Kernel Configuration File System.
[[0;32m  OK  [0m] Started Create Static Device Nodes in /dev.
[[0;32m  OK  [0m] Started File System Check on Root Device.
         Starting Remount Root and Kernel File Systems...
[[0;32m  OK  [0m] Started Monitoring of LVM2 mirrors,…sing dmeventd or progress polling.
[[0;32m  OK  [0m] Started Apply Kernel Variables.
[[0;32m  OK  [0m] Started Remount Root and Kernel File Systems.
         Starting udev Kernel Device Manager...
         Starting Load/Save Random Seed...
         Starting Flush Journal to Persistent Storage...
[[0;32m  OK  [0m] Started udev Kernel Device Manager.
[[0;32m  OK  [0m] Started Load/Save Random Seed.
[[0;32m  OK  [0m] Started Set the console keyboard layout.
[[0;32m  OK  [0m] Started Dispatch Password Requests to Console Directory Watch.
[[0;32m  OK  [0m] Reached target Local Encrypted Volumes.
[[0;32m  OK  [0m] Reached target Local File Systems (Pre).
[[0;32m  OK  [0m] Reached target Local File Systems.
         Starting Set console font and keymap...
         Starting AppArmor initialization...
         Starting Tell Plymouth To Write Out Runtime Data...
         Starting ebtables ruleset management...
[[0;32m  OK  [0m] Started Set console font and keymap.
[[0;32m  OK  [0m] Started Flush Journal to Persistent Storage.
         Starting Create Volatile Files and Directories...
[[0;32m  OK  [0m] Started Tell Plymouth To Write Out Runtime Data.
[[0;32m  OK  [0m] Started Create Volatile Files and Directories.
         Starting Update UTMP about System Boot/Shutdown...
[[0;32m  OK  [0m] Started Update UTMP about System Boot/Shutdown.
[[0;32m  OK  [0m] Started ebtables ruleset management.
[[0;32m  OK  [0m] Started AppArmor initialization.
         Starting Initial cloud-init job (pre-networking)...
         Starting Load AppArmor profiles managed internally by snapd...
[[0;32m  OK  [0m] Found device /dev/ttyS0.
         Mounting Arbitrary Executable File Formats File System...
[[0;32m  OK  [0m] Mounted Arbitrary Executable File Formats File System.
[[0;32m  OK  [0m] Started Load AppArmor profiles managed internally by snapd.
[[0;32m  OK  [0m] Listening on Load/Save RF Kill Switch Status /dev/rfkill Watch.
[    8.635476] cloud-init[524]: Cloud-init v. 23.1.2-0ubuntu0~18.04.1 running 'init-local' at Sun, 22 Oct 2023 19:33:06 +0000. Up 8.35 seconds.
[[0;32m  OK  [0m] Started Initial cloud-init job (pre-networking).
[[0;32m  OK  [0m] Reached target Network (Pre).
         Starting Network Service...
[[0;32m  OK  [0m] Started Network Service.
         Starting Network Name Resolution...
         Starting Wait for Network to be Configured...
[[0;32m  OK  [0m] Started Network Name Resolution.
[[0;32m  OK  [0m] Reached target Network.
[[0;32m  OK  [0m] Reached target Host and Network Name Lookups.
[[0;32m  OK  [0m] Started Wait for Network to be Configured.
         Starting Initial cloud-init job (metadata service crawler)...
[   11.792794] cloud-init[683]: Cloud-init v. 23.1.2-0ubuntu0~18.04.1 running 'init' at Sun, 22 Oct 2023 19:33:09 +0000. Up 11.46 seconds.
[   11.795762] cloud-init[683]: ci-info: ++++++++++++++++++++++++++++++++++++++Net device info++++++++++++++++++++++++++++++++++++++
[   11.798380] cloud-init[683]: ci-info: +--------+------+----------------------------+---------------+--------+-------------------+
[   11.801798] cloud-init[683]: ci-info: | Device |  Up  |          Address           |      Mask     | Scope  |     Hw-Address    |
[   11.807230] cloud-init[683]: ci-info: +--------+------+----------------------------+---------------+--------+-------------------+
[   11.812906] cloud-init[683]: ci-info: | enp0s3 | True |         10.0.2.15          | 255.255.255.0 | global | 02:3b:7b:b7:3b:2d |
[   11.818446] cloud-init[683]: ci-info: | enp0s3 | True | fe80::3b:7bff:feb7:3b2d/64 |       .       |  link  | 02:3b:7b:b7:3b:2d |
[   11.823426] cloud-init[683]: ci-info: |   lo   | True |         127.0.0.1          |   255.0.0.0   |  host  |         .         |
[   11.828917] cloud-init[683]: ci-info: |   lo   | True |          ::1/128           |       .       |  host  |         .         |
[   11.834128] cloud-init[683]: ci-info: +--------+------+----------------------------+---------------+--------+-------------------+
[   11.840238] cloud-init[683]: ci-info: ++++++++++++++++++++++++++++Route IPv4 info+++++++++++++++++++++++++++++
[   11.844860] cloud-init[683]: ci-info: +-------+-------------+----------+-----------------+-----------+-------+
[   11.850010] cloud-init[683]: ci-info: | Route | Destination | Gateway  |     Genmask     | Interface | Flags |
[   11.855730] cloud-init[683]: ci-info: +-------+-------------+----------+-----------------+-----------+-------+
[   11.859804] cloud-init[683]: ci-info: |   0   |   0.0.0.0   | 10.0.2.2 |     0.0.0.0     |   enp0s3  |   UG  |
[   11.864220] cloud-init[683]: ci-info: |   1   |   10.0.2.0  | 0.0.0.0  |  255.255.255.0  |   enp0s3  |   U   |
[   11.868629] cloud-init[683]: ci-info: |   2   |   10.0.2.2  | 0.0.0.0  | 255.255.255.255 |   enp0s3  |   UH  |
[   11.873629] cloud-init[683]: ci-info: +-------+-------------+----------+-----------------+-----------+-------+
[   11.880967] cloud-init[683]: ci-info: +++++++++++++++++++Route IPv6 info+++++++++++++++++++
[   11.884726] cloud-init[683]: ci-info: +-------+-------------+---------+-----------+-------+
[   11.888765] cloud-init[683]: ci-info: | Route | Destination | Gateway | Interface | Flags |
[   11.892279] cloud-init[683]: ci-info: +-------+-------------+---------+-----------+-------+
[   11.895836] cloud-init[683]: ci-info: |   1   |  fe80::/64  |    ::   |   enp0s3  |   U   |
[   11.899888] cloud-init[683]: ci-info: |   3   |    local    |    ::   |   enp0s3  |   U   |
[   11.904191] cloud-init[683]: ci-info: |   4   |   ff00::/8  |    ::   |   enp0s3  |   U   |
[   11.908900] cloud-init[683]: ci-info: +-------+-------------+---------+-----------+-------+
[[0;32m  OK  [0m] Started Initial cloud-init job (metadata service crawler).
[[0;32m  OK  [0m] Reached target Network is Online.
[[0;32m  OK  [0m] Reached target Remote File Systems (Pre).
[[0;32m  OK  [0m] Reached target Remote File Systems.
         Starting Availability of block devices...
[[0;32m  OK  [0m] Reached target Cloud-config availability.
[[0;32m  OK  [0m] Reached target System Initialization.
[[0;32m  OK  [0m] Listening on D-Bus System Message Bus Socket.
[[0;32m  OK  [0m] Started Ubuntu Advantage Timer for running repeated jobs.
[[0;32m  OK  [0m] Listening on ACPID Listen Socket.
[[0;32m  OK  [0m] Listening on cloud-init hotplug hook socket.
[[0;32m  OK  [0m] Started Daily apt download activities.
[[0;32m  OK  [0m] Started Message of the Day.
[[0;32m  OK  [0m] Listening on Open-iSCSI iscsid Socket.
[[0;32m  OK  [0m] Started Daily apt upgrade and clean activities.
         Starting LXD - unix socket.
[[0;32m  OK  [0m] Started Daily Cleanup of Temporary Directories.
         Starting Socket activation for snappy daemon.
[[0;32m  OK  [0m] Started Discard unused blocks once a week.
[[0;32m  OK  [0m] Reached target Timers.
[[0;32m  OK  [0m] Listening on UUID daemon activation socket.
[[0;32m  OK  [0m] Started ACPI Events Check.
[[0;32m  OK  [0m] Reached target Paths.
[[0;32m  OK  [0m] Started Availability of block devices.
[[0;32m  OK  [0m] Listening on LXD - unix socket.
[[0;32m  OK  [0m] Listening on Socket activation for snappy daemon.
[[0;32m  OK  [0m] Reached target Sockets.
[[0;32m  OK  [0m] Reached target Basic System.
[[0;32m  OK  [0m] Started Deferred execution scheduler.
         Starting Dispatcher daemon for systemd-networkd...
         Starting LSB: automatic crash report generation...
[[0;32m  OK  [0m] Started FUSE filesystem for LXC.
[[0;32m  OK  [0m] Reached target Login Prompts (Pre).
         Starting Permit User Sessions...
         Starting Login Service...
[[0;32m  OK  [0m] Started irqbalance daemon.
         Starting LSB: Record successful boot for GRUB...
         Starting Accounts Service...
         Starting System Logging Service...
         Starting Snap Daemon...
         Starting Virtualbox guest utils...
[[0;32m  OK  [0m] Started Regular background program processing daemon.
         Starting OpenBSD Secure Shell server...
[[0;32m  OK  [0m] Started D-Bus System Message Bus.
         Starting LXD - container startup/shutdown...
[[0;32m  OK  [0m] Started System Logging Service.
[[0;32m  OK  [0m] Started Permit User Sessions.
[[0;32m  OK  [0m] Started Login Service.
[[0;32m  OK  [0m] Started Unattended Upgrades Shutdown.
         Starting Hold until boot process finishes up...
         Starting Terminate Plymouth Boot Screen...
[[0;32m  OK  [0m] Started OpenBSD Secure Shell server.
[[0;32m  OK  [0m] Started Hold until boot process finishes up.
         Starting Set console scheme...
[[0;32m  OK  [0m] Started Serial Getty on ttyS0.
[[0;32m  OK  [0m] Started Terminate Plymouth Boot Screen.
[[0;32m  OK  [0m] Started LSB: automatic crash report generation.
[[0;32m  OK  [0m] Started Set console scheme.
[[0;32m  OK  [0m] Created slice system-getty.slice.
[[0;32m  OK  [0m] Started Getty on tty1.
[[0;32m  OK  [0m] Reached target Login Prompts.
         Starting Authorization Manager...
[[0;32m  OK  [0m] Created slice User Slice of vagrant.
[[0;32m  OK  [0m] Started LSB: Record successful boot for GRUB.
[[0;32m  OK  [0m] Started Virtualbox guest utils.
[[0;32m  OK  [0m] Started Authorization Manager.
[[0;32m  OK  [0m] Started Accounts Service.
[[0;32m  OK  [0m] Started Session 1 of user vagrant.
         Starting User Manager for UID 1000...
[[0;32m  OK  [0m] Started Dispatcher daemon for systemd-networkd.
[[0;32m  OK  [0m] Started LXD - container startup/shutdown.
[[0;32m  OK  [0m] Started User Manager for UID 1000.
[[0;32m  OK  [0m] Started Snap Daemon.
         Starting Wait until snapd is fully seeded...
         Starting Time & Date Service...
[[0;32m  OK  [0m] Started Time & Date Service.
[[0;32m  OK  [0m] Started Wait until snapd is fully seeded.
         Starting Apply the settings specified in cloud-config...
[   15.806978] cloud-init[1072]: Cloud-init v. 23.1.2-0ubuntu0~18.04.1 running 'modules:config' at Sun, 22 Oct 2023 19:33:14 +0000. Up 15.60 seconds.
[[0;32m  OK  [0m] Started Apply the settings specified in cloud-config.
[[0;32m  OK  [0m] Reached target Multi-User System.
         Starting Execute cloud user/final scripts...
[[0;32m  OK  [0m] Reached target Graphical Interface.
         Starting Update UTMP about System Runlevel Changes...
[[0;32m  OK  [0m] Started Update UTMP about System Runlevel Changes.
[   17.114573] cloud-init[1182]: Cloud-init v. 23.1.2-0ubuntu0~18.04.1 running 'modules:final' at Sun, 22 Oct 2023 19:33:15 +0000. Up 16.85 seconds.
[   17.120304] cloud-init[1182]: Cloud-init v. 23.1.2-0ubuntu0~18.04.1 finished at Sun, 22 Oct 2023 19:33:15 +0000. Datasource DataSourceNoCloud [seed=/dev/sdb][dsmode=net].  Up 17.10 seconds
[[0;32m  OK  [0m] Started Execute cloud user/final scripts.
[[0;32m  OK  [0m] Reached target Cloud-init target.

Ubuntu 18.04.6 LTS ubuntu-bionic ttyS0

ubuntu-bionic login: 